<?xml version="1.0" encoding="UTF-8"?>
<!-- Generated by org.testng.reporters.JUnitReportReporter -->
<testsuite hostname="lxws-201" name="selenium.GoogleTest" tests="1" failures="0" timestamp="5 Apr 2012 07:30:58 GMT" time="3.687" errors="0">
  <testcase name="checkWebpage" time="3.687" classname="selenium.GoogleTest"/>
</testsuite>
